[0.158s] DEBUG:colcon:Command line arguments: ['/usr/bin/colcon', 'build']
[0.158s] DEBUG:colcon:Parsed command line arguments: Namespace(log_base=None, log_level=None, verb_name='build', build_base='build', install_base='install', merge_install=False, symlink_install=False, test_result_base=None, continue_on_error=False, executor='parallel', parallel_workers=4, event_handlers=None, ignore_user_meta=False, metas=['./colcon.meta'], base_paths=['.'], packages_ignore=None, packages_ignore_regex=None, paths=None, packages_up_to=None, packages_up_to_regex=None, packages_above=None, packages_above_and_dependencies=None, packages_above_depth=None, packages_select_by_dep=None, packages_skip_by_dep=None, packages_skip_up_to=None, packages_select_build_failed=False, packages_skip_build_finished=False, packages_select_test_failures=False, packages_skip_test_passed=False, packages_select=None, packages_skip=None, packages_select_regex=None, packages_skip_regex=None, packages_start=None, packages_end=None, allow_overriding=[], cmake_args=None, cmake_target=None, cmake_target_skip_unavailable=False, cmake_clean_cache=False, cmake_clean_first=False, cmake_force_configure=False, ament_cmake_args=None, catkin_cmake_args=None, catkin_skip_building_tests=False, mixin_files=None, mixin=None, verb_parser=<colcon_mixin.mixin.mixin_argument.MixinArgumentDecorator object at 0x7d7a2f169ba0>, verb_extension=<colcon_core.verb.build.BuildVerb object at 0x7d7a2f169510>, main=<bound method BuildVerb.main of <colcon_core.verb.build.BuildVerb object at 0x7d7a2f169510>>, mixin_verb=('build',))
[0.438s] Level 1:colcon.colcon_core.package_discovery:discover_packages(colcon_meta) check parameters
[0.438s] Level 1:colcon.colcon_core.package_discovery:discover_packages(recursive) check parameters
[0.438s] Level 1:colcon.colcon_core.package_discovery:discover_packages(ignore) check parameters
[0.438s] Level 1:colcon.colcon_core.package_discovery:discover_packages(path) check parameters
[0.439s] Level 1:colcon.colcon_core.package_discovery:discover_packages(colcon_meta) discover
[0.439s] Level 1:colcon.colcon_core.package_discovery:discover_packages(recursive) discover
[0.439s] INFO:colcon.colcon_core.package_discovery:Crawling recursively for packages in '/home/lephi7/Documents/ros2_projects/laser_test'
[0.439s] Level 1:colcon.colcon_core.package_identification:_identify(.) by extensions ['ignore', 'ignore_ament_install']
[0.439s] Level 1:colcon.colcon_core.package_identification:_identify(.) by extension 'ignore'
[0.439s] Level 1:colcon.colcon_core.package_identification:_identify(.) by extension 'ignore_ament_install'
[0.439s] Level 1:colcon.colcon_core.package_identification:_identify(.) by extensions ['colcon_pkg']
[0.439s] Level 1:colcon.colcon_core.package_identification:_identify(.) by extension 'colcon_pkg'
[0.439s] Level 1:colcon.colcon_core.package_identification:_identify(.) by extensions ['colcon_meta']
[0.439s] Level 1:colcon.colcon_core.package_identification:_identify(.) by extension 'colcon_meta'
[0.439s] Level 1:colcon.colcon_core.package_identification:_identify(.) by extensions ['ros']
[0.440s] Level 1:colcon.colcon_core.package_identification:_identify(.) by extension 'ros'
[0.455s] Level 1:colcon.colcon_core.package_identification:_identify(.) by extensions ['cmake', 'python']
[0.455s] Level 1:colcon.colcon_core.package_identification:_identify(.) by extension 'cmake'
[0.455s] Level 1:colcon.colcon_core.package_identification:_identify(.) by extension 'python'
[0.455s] Level 1:colcon.colcon_core.package_identification:_identify(.) by extensions ['python_setup_py']
[0.455s] Level 1:colcon.colcon_core.package_identification:_identify(.) by extension 'python_setup_py'
[0.456s] Level 1:colcon.colcon_core.package_identification:_identify(build) by extensions ['ignore', 'ignore_ament_install']
[0.456s] Level 1:colcon.colcon_core.package_identification:_identify(build) by extension 'ignore'
[0.456s] Level 1:colcon.colcon_core.package_identification:_identify(build) ignored
[0.456s] Level 1:colcon.colcon_core.package_identification:_identify(install) by extensions ['ignore', 'ignore_ament_install']
[0.456s] Level 1:colcon.colcon_core.package_identification:_identify(install) by extension 'ignore'
[0.456s] Level 1:colcon.colcon_core.package_identification:_identify(install) ignored
[0.456s] Level 1:colcon.colcon_core.package_identification:_identify(log) by extensions ['ignore', 'ignore_ament_install']
[0.456s] Level 1:colcon.colcon_core.package_identification:_identify(log) by extension 'ignore'
[0.457s] Level 1:colcon.colcon_core.package_identification:_identify(log) ignored
[0.457s] Level 1:colcon.colcon_core.package_identification:_identify(src) by extensions ['ignore', 'ignore_ament_install']
[0.457s] Level 1:colcon.colcon_core.package_identification:_identify(src) by extension 'ignore'
[0.457s] Level 1:colcon.colcon_core.package_identification:_identify(src) by extension 'ignore_ament_install'
[0.457s] Level 1:colcon.colcon_core.package_identification:_identify(src) by extensions ['colcon_pkg']
[0.457s] Level 1:colcon.colcon_core.package_identification:_identify(src) by extension 'colcon_pkg'
[0.457s] Level 1:colcon.colcon_core.package_identification:_identify(src) by extensions ['colcon_meta']
[0.457s] Level 1:colcon.colcon_core.package_identification:_identify(src) by extension 'colcon_meta'
[0.457s] Level 1:colcon.colcon_core.package_identification:_identify(src) by extensions ['ros']
[0.457s] Level 1:colcon.colcon_core.package_identification:_identify(src) by extension 'ros'
[0.457s] Level 1:colcon.colcon_core.package_identification:_identify(src) by extensions ['cmake', 'python']
[0.457s] Level 1:colcon.colcon_core.package_identification:_identify(src) by extension 'cmake'
[0.457s] Level 1:colcon.colcon_core.package_identification:_identify(src) by extension 'python'
[0.457s] Level 1:colcon.colcon_core.package_identification:_identify(src) by extensions ['python_setup_py']
[0.458s] Level 1:colcon.colcon_core.package_identification:_identify(src) by extension 'python_setup_py'
[0.458s] Level 1:colcon.colcon_core.package_identification:_identify(src/laser_pos) by extensions ['ignore', 'ignore_ament_install']
[0.458s] Level 1:colcon.colcon_core.package_identification:_identify(src/laser_pos) by extension 'ignore'
[0.458s] Level 1:colcon.colcon_core.package_identification:_identify(src/laser_pos) by extension 'ignore_ament_install'
[0.458s] Level 1:colcon.colcon_core.package_identification:_identify(src/laser_pos) by extensions ['colcon_pkg']
[0.458s] Level 1:colcon.colcon_core.package_identification:_identify(src/laser_pos) by extension 'colcon_pkg'
[0.458s] Level 1:colcon.colcon_core.package_identification:_identify(src/laser_pos) by extensions ['colcon_meta']
[0.458s] Level 1:colcon.colcon_core.package_identification:_identify(src/laser_pos) by extension 'colcon_meta'
[0.458s] Level 1:colcon.colcon_core.package_identification:_identify(src/laser_pos) by extensions ['ros']
[0.458s] Level 1:colcon.colcon_core.package_identification:_identify(src/laser_pos) by extension 'ros'
[0.460s] DEBUG:colcon.colcon_core.package_identification:Failed to parse potential ROS package manifest in'src/laser_pos': Error(s) in package 'src/laser_pos/package.xml':
The manifest contains invalid XML:
mismatched tag: line 11, column 28
[0.460s] Level 1:colcon.colcon_core.package_identification:_identify(src/laser_pos) by extensions ['cmake', 'python']
[0.460s] Level 1:colcon.colcon_core.package_identification:_identify(src/laser_pos) by extension 'cmake'
[0.460s] Level 1:colcon.colcon_core.package_identification:_identify(src/laser_pos) by extension 'python'
[0.460s] DEBUG:colcon.colcon_core.package_identification:Python package in 'src/laser_pos' passes arguments to the setup() function which requires a different identification extension than 'python'
[0.460s] Level 1:colcon.colcon_core.package_identification:_identify(src/laser_pos) by extensions ['python_setup_py']
[0.460s] Level 1:colcon.colcon_core.package_identification:_identify(src/laser_pos) by extension 'python_setup_py'
[0.837s] DEBUG:colcon.colcon_core.package_identification:Package 'src/laser_pos' with type 'python' and name 'laser_pos'
[0.837s] Level 1:colcon.colcon_core.package_discovery:discover_packages(recursive) using defaults
[0.837s] Level 1:colcon.colcon_core.package_discovery:discover_packages(ignore) discover
[0.837s] Level 1:colcon.colcon_core.package_discovery:discover_packages(ignore) using defaults
[0.837s] Level 1:colcon.colcon_core.package_discovery:discover_packages(path) discover
[0.837s] Level 1:colcon.colcon_core.package_discovery:discover_packages(path) using defaults
[0.881s] Level 1:colcon.colcon_core.package_discovery:discover_packages(prefix_path) check parameters
[0.882s] Level 1:colcon.colcon_core.package_discovery:discover_packages(prefix_path) discover
[0.884s] DEBUG:colcon.colcon_installed_package_information.package_discovery:Found 1 installed packages in /home/lephi7/Documents/ros2_projects/laser_test/install
[0.886s] DEBUG:colcon.colcon_installed_package_information.package_discovery:Found 397 installed packages in /opt/ros/humble
[0.890s] Level 1:colcon.colcon_core.package_discovery:discover_packages(prefix_path) using defaults
[0.966s] Level 5:colcon.colcon_core.verb:set package 'laser_pos' build argument 'cmake_args' from command line to 'None'
[0.966s] Level 5:colcon.colcon_core.verb:set package 'laser_pos' build argument 'cmake_target' from command line to 'None'
[0.966s] Level 5:colcon.colcon_core.verb:set package 'laser_pos' build argument 'cmake_target_skip_unavailable' from command line to 'False'
[0.966s] Level 5:colcon.colcon_core.verb:set package 'laser_pos' build argument 'cmake_clean_cache' from command line to 'False'
[0.966s] Level 5:colcon.colcon_core.verb:set package 'laser_pos' build argument 'cmake_clean_first' from command line to 'False'
[0.966s] Level 5:colcon.colcon_core.verb:set package 'laser_pos' build argument 'cmake_force_configure' from command line to 'False'
[0.966s] Level 5:colcon.colcon_core.verb:set package 'laser_pos' build argument 'ament_cmake_args' from command line to 'None'
[0.966s] Level 5:colcon.colcon_core.verb:set package 'laser_pos' build argument 'catkin_cmake_args' from command line to 'None'
[0.966s] Level 5:colcon.colcon_core.verb:set package 'laser_pos' build argument 'catkin_skip_building_tests' from command line to 'False'
[0.966s] DEBUG:colcon.colcon_core.verb:Building package 'laser_pos' with the following arguments: {'ament_cmake_args': None, 'build_base': '/home/lephi7/Documents/ros2_projects/laser_test/build/laser_pos', 'catkin_cmake_args': None, 'catkin_skip_building_tests': False, 'cmake_args': None, 'cmake_clean_cache': False, 'cmake_clean_first': False, 'cmake_force_configure': False, 'cmake_target': None, 'cmake_target_skip_unavailable': False, 'install_base': '/home/lephi7/Documents/ros2_projects/laser_test/install/laser_pos', 'merge_install': False, 'path': '/home/lephi7/Documents/ros2_projects/laser_test/src/laser_pos', 'symlink_install': False, 'test_result_base': None}
[0.967s] INFO:colcon.colcon_core.executor:Executing jobs using 'parallel' executor
[0.968s] DEBUG:colcon.colcon_parallel_executor.executor.parallel:run_until_complete
[0.968s] INFO:colcon.colcon_core.task.python.build:Building Python package in '/home/lephi7/Documents/ros2_projects/laser_test/src/laser_pos'
[0.971s] INFO:colcon.colcon_core.plugin_system:Skipping extension 'colcon_core.shell.bat': Not used on non-Windows systems
[0.972s] INFO:colcon.colcon_core.shell:Skip shell extension 'powershell' for command environment: Not usable outside of PowerShell
[0.972s] DEBUG:colcon.colcon_core.shell:Skip shell extension 'dsv' for command environment
[1.963s] DEBUG:colcon.colcon_core.event_handler.log_command:Invoking command in '/home/lephi7/Documents/ros2_projects/laser_test/src/laser_pos': PYTHONPATH=/home/lephi7/Documents/ros2_projects/laser_test/build/laser_pos/prefix_override:/usr/lib/python3/dist-packages/colcon_core/task/python/colcon_distutils_commands:/home/lephi7/Documents/ros2_projects/laser_test/install/laser_pos/lib/python3.10/site-packages:${PYTHONPATH} /usr/bin/python3 -W ignore:setup.py install is deprecated -W ignore:easy_install command is deprecated setup.py egg_info --egg-base ../../build/laser_pos build --build-base /home/lephi7/Documents/ros2_projects/laser_test/build/laser_pos/build install --record /home/lephi7/Documents/ros2_projects/laser_test/build/laser_pos/install.log --single-version-externally-managed install_data
[2.487s] DEBUG:colcon.colcon_core.event_handler.log_command:Invoked command in '/home/lephi7/Documents/ros2_projects/laser_test/src/laser_pos' returned '0': PYTHONPATH=/home/lephi7/Documents/ros2_projects/laser_test/build/laser_pos/prefix_override:/usr/lib/python3/dist-packages/colcon_core/task/python/colcon_distutils_commands:/home/lephi7/Documents/ros2_projects/laser_test/install/laser_pos/lib/python3.10/site-packages:${PYTHONPATH} /usr/bin/python3 -W ignore:setup.py install is deprecated -W ignore:easy_install command is deprecated setup.py egg_info --egg-base ../../build/laser_pos build --build-base /home/lephi7/Documents/ros2_projects/laser_test/build/laser_pos/build install --record /home/lephi7/Documents/ros2_projects/laser_test/build/laser_pos/install.log --single-version-externally-managed install_data
[2.492s] Level 1:colcon.colcon_core.environment:checking '/home/lephi7/Documents/ros2_projects/laser_test/install/laser_pos' for CMake module files
[2.493s] Level 1:colcon.colcon_core.environment:checking '/home/lephi7/Documents/ros2_projects/laser_test/install/laser_pos' for CMake config files
[2.494s] Level 1:colcon.colcon_core.environment:checking '/home/lephi7/Documents/ros2_projects/laser_test/install/laser_pos/lib'
[2.495s] Level 1:colcon.colcon_core.environment:checking '/home/lephi7/Documents/ros2_projects/laser_test/install/laser_pos/bin'
[2.495s] Level 1:colcon.colcon_core.environment:checking '/home/lephi7/Documents/ros2_projects/laser_test/install/laser_pos/lib/pkgconfig/laser_pos.pc'
[2.495s] Level 1:colcon.colcon_core.environment:checking '/home/lephi7/Documents/ros2_projects/laser_test/install/laser_pos/lib/python3.10/site-packages'
[2.495s] Level 1:colcon.colcon_core.shell:create_environment_hook('laser_pos', 'pythonpath')
[2.496s] INFO:colcon.colcon_core.shell:Creating environment hook '/home/lephi7/Documents/ros2_projects/laser_test/install/laser_pos/share/laser_pos/hook/pythonpath.ps1'
[2.497s] INFO:colcon.colcon_core.shell:Creating environment descriptor '/home/lephi7/Documents/ros2_projects/laser_test/install/laser_pos/share/laser_pos/hook/pythonpath.dsv'
[2.498s] INFO:colcon.colcon_core.shell:Creating environment hook '/home/lephi7/Documents/ros2_projects/laser_test/install/laser_pos/share/laser_pos/hook/pythonpath.sh'
[2.500s] Level 1:colcon.colcon_core.environment:checking '/home/lephi7/Documents/ros2_projects/laser_test/install/laser_pos/bin'
[2.500s] Level 1:colcon.colcon_core.environment:create_environment_scripts_only(laser_pos)
[2.501s] INFO:colcon.colcon_core.shell:Creating package script '/home/lephi7/Documents/ros2_projects/laser_test/install/laser_pos/share/laser_pos/package.ps1'
[2.502s] INFO:colcon.colcon_core.shell:Creating package descriptor '/home/lephi7/Documents/ros2_projects/laser_test/install/laser_pos/share/laser_pos/package.dsv'
[2.503s] INFO:colcon.colcon_core.shell:Creating package script '/home/lephi7/Documents/ros2_projects/laser_test/install/laser_pos/share/laser_pos/package.sh'
[2.505s] INFO:colcon.colcon_core.shell:Creating package script '/home/lephi7/Documents/ros2_projects/laser_test/install/laser_pos/share/laser_pos/package.bash'
[2.507s] INFO:colcon.colcon_core.shell:Creating package script '/home/lephi7/Documents/ros2_projects/laser_test/install/laser_pos/share/laser_pos/package.zsh'
[2.508s] Level 1:colcon.colcon_core.environment:create_file_with_runtime_dependencies(/home/lephi7/Documents/ros2_projects/laser_test/install/laser_pos/share/colcon-core/packages/laser_pos)
[2.509s] DEBUG:colcon.colcon_parallel_executor.executor.parallel:closing loop
[2.509s] DEBUG:colcon.colcon_parallel_executor.executor.parallel:loop closed
[2.509s] DEBUG:colcon.colcon_parallel_executor.executor.parallel:run_until_complete finished with '0'
[2.509s] DEBUG:colcon.colcon_core.event_reactor:joining thread
[2.519s] INFO:colcon.colcon_core.plugin_system:Skipping extension 'colcon_notification.desktop_notification.terminal_notifier': Not used on non-Darwin systems
[2.519s] INFO:colcon.colcon_core.plugin_system:Skipping extension 'colcon_notification.desktop_notification.win32': Not used on non-Windows systems
[2.519s] INFO:colcon.colcon_notification.desktop_notification:Sending desktop notification using 'notify2'
[2.545s] DEBUG:colcon.colcon_core.event_reactor:joined thread
[2.545s] INFO:colcon.colcon_core.shell:Creating prefix script '/home/lephi7/Documents/ros2_projects/laser_test/install/local_setup.ps1'
[2.547s] INFO:colcon.colcon_core.shell:Creating prefix util module '/home/lephi7/Documents/ros2_projects/laser_test/install/_local_setup_util_ps1.py'
[2.550s] INFO:colcon.colcon_core.shell:Creating prefix chain script '/home/lephi7/Documents/ros2_projects/laser_test/install/setup.ps1'
[2.552s] INFO:colcon.colcon_core.shell:Creating prefix script '/home/lephi7/Documents/ros2_projects/laser_test/install/local_setup.sh'
[2.553s] INFO:colcon.colcon_core.shell:Creating prefix util module '/home/lephi7/Documents/ros2_projects/laser_test/install/_local_setup_util_sh.py'
[2.555s] INFO:colcon.colcon_core.shell:Creating prefix chain script '/home/lephi7/Documents/ros2_projects/laser_test/install/setup.sh'
[2.557s] INFO:colcon.colcon_core.shell:Creating prefix script '/home/lephi7/Documents/ros2_projects/laser_test/install/local_setup.bash'
[2.559s] INFO:colcon.colcon_core.shell:Creating prefix chain script '/home/lephi7/Documents/ros2_projects/laser_test/install/setup.bash'
[2.562s] INFO:colcon.colcon_core.shell:Creating prefix script '/home/lephi7/Documents/ros2_projects/laser_test/install/local_setup.zsh'
[2.563s] INFO:colcon.colcon_core.shell:Creating prefix chain script '/home/lephi7/Documents/ros2_projects/laser_test/install/setup.zsh'
