[2.341s] Invoking command in '/home/lephi7/Documents/ros2_projects/laser_test/src/laser_pos': PYTHONPATH=/home/lephi7/Documents/ros2_projects/laser_test/build/laser_pos/prefix_override:/usr/lib/python3/dist-packages/colcon_core/task/python/colcon_distutils_commands:/home/lephi7/Documents/ros2_projects/laser_test/install/laser_pos/lib/python3.10/site-packages:${PYTHONPATH} /usr/bin/python3 -W ignore:setup.py install is deprecated -W ignore:easy_install command is deprecated setup.py egg_info --egg-base ../../build/laser_pos build --build-base /home/lephi7/Documents/ros2_projects/laser_test/build/laser_pos/build install --record /home/lephi7/Documents/ros2_projects/laser_test/build/laser_pos/install.log --single-version-externally-managed install_data
[3.233s] running egg_info
[3.233s] writing ../../build/laser_pos/laser_pos.egg-info/PKG-INFO
[3.234s] writing dependency_links to ../../build/laser_pos/laser_pos.egg-info/dependency_links.txt
[3.235s] writing entry points to ../../build/laser_pos/laser_pos.egg-info/entry_points.txt
[3.236s] writing requirements to ../../build/laser_pos/laser_pos.egg-info/requires.txt
[3.236s] writing top-level names to ../../build/laser_pos/laser_pos.egg-info/top_level.txt
[3.244s] reading manifest file '../../build/laser_pos/laser_pos.egg-info/SOURCES.txt'
[3.248s] writing manifest file '../../build/laser_pos/laser_pos.egg-info/SOURCES.txt'
[3.248s] running build
[3.249s] running build_py
[3.249s] copying laser_pos/turtle_follower.py -> /home/lephi7/Documents/ros2_projects/laser_test/build/laser_pos/build/lib/laser_pos
[3.250s] running install
[3.252s] running install_lib
[3.254s] copying /home/lephi7/Documents/ros2_projects/laser_test/build/laser_pos/build/lib/laser_pos/turtle_follower.py -> /home/lephi7/Documents/ros2_projects/laser_test/install/laser_pos/lib/python3.10/site-packages/laser_pos
[3.259s] byte-compiling /home/lephi7/Documents/ros2_projects/laser_test/install/laser_pos/lib/python3.10/site-packages/laser_pos/turtle_follower.py to turtle_follower.cpython-310.pyc
[3.263s] running install_data
[3.263s] running install_egg_info
[3.269s] removing '/home/lephi7/Documents/ros2_projects/laser_test/install/laser_pos/lib/python3.10/site-packages/laser_pos-0.0.0-py3.10.egg-info' (and everything under it)
[3.270s] Copying ../../build/laser_pos/laser_pos.egg-info to /home/lephi7/Documents/ros2_projects/laser_test/install/laser_pos/lib/python3.10/site-packages/laser_pos-0.0.0-py3.10.egg-info
[3.274s] running install_scripts
[3.349s] Installing turtle_follower script to /home/lephi7/Documents/ros2_projects/laser_test/install/laser_pos/lib/laser_pos
[3.352s] writing list of installed files to '/home/lephi7/Documents/ros2_projects/laser_test/build/laser_pos/install.log'
[3.474s] Invoked command in '/home/lephi7/Documents/ros2_projects/laser_test/src/laser_pos' returned '0': PYTHONPATH=/home/lephi7/Documents/ros2_projects/laser_test/build/laser_pos/prefix_override:/usr/lib/python3/dist-packages/colcon_core/task/python/colcon_distutils_commands:/home/lephi7/Documents/ros2_projects/laser_test/install/laser_pos/lib/python3.10/site-packages:${PYTHONPATH} /usr/bin/python3 -W ignore:setup.py install is deprecated -W ignore:easy_install command is deprecated setup.py egg_info --egg-base ../../build/laser_pos build --build-base /home/lephi7/Documents/ros2_projects/laser_test/build/laser_pos/build install --record /home/lephi7/Documents/ros2_projects/laser_test/build/laser_pos/install.log --single-version-externally-managed install_data
