[2.707s] Invoking command in '/home/lephi7/Documents/ros2_projects/laser_test/build/laser_pos': PYTHONPATH=/home/lephi7/Documents/ros2_projects/laser_test/build/laser_pos/prefix_override:/usr/lib/python3/dist-packages/colcon_core/task/python/colcon_distutils_commands:/home/lephi7/Documents/ros2_projects/laser_test/install/laser_pos/lib/python3.10/site-packages:${PYTHONPATH} /usr/bin/python3 -W ignore:setup.py install is deprecated -W ignore:easy_install command is deprecated setup.py develop --editable --build-directory /home/lephi7/Documents/ros2_projects/laser_test/build/laser_pos/build --no-deps symlink_data --force
[3.848s] running develop
[4.559s] running egg_info
[4.559s] writing laser_pos.egg-info/PKG-INFO
[4.561s] writing dependency_links to laser_pos.egg-info/dependency_links.txt
[4.561s] writing entry points to laser_pos.egg-info/entry_points.txt
[4.561s] writing requirements to laser_pos.egg-info/requires.txt
[4.562s] writing top-level names to laser_pos.egg-info/top_level.txt
[4.569s] reading manifest file 'laser_pos.egg-info/SOURCES.txt'
[4.574s] writing manifest file 'laser_pos.egg-info/SOURCES.txt'
[4.581s] running build_ext
[4.582s] Creating /home/lephi7/Documents/ros2_projects/laser_test/install/laser_pos/lib/python3.10/site-packages/laser-pos.egg-link (link to .)
[4.587s] Installing turtle_follower script to /home/lephi7/Documents/ros2_projects/laser_test/install/laser_pos/lib/laser_pos
[4.588s] 
[4.589s] Installed /home/lephi7/Documents/ros2_projects/laser_test/build/laser_pos
[4.597s] running symlink_data
[4.598s] symbolically linking /home/lephi7/Documents/ros2_projects/laser_test/build/laser_pos/resource/laser_pos -> /home/lephi7/Documents/ros2_projects/laser_test/install/laser_pos/share/ament_index/resource_index/packages
[4.598s] symbolically linking /home/lephi7/Documents/ros2_projects/laser_test/build/laser_pos/package.xml -> /home/lephi7/Documents/ros2_projects/laser_test/install/laser_pos/share/laser_pos
[4.604s] symbolically linking /home/lephi7/Documents/ros2_projects/laser_test/build/laser_pos/launch/turtle_follower.launch.py -> /home/lephi7/Documents/ros2_projects/laser_test/install/laser_pos/share/laser_pos/launch
[4.605s] symbolically linking /home/lephi7/Documents/ros2_projects/laser_test/build/laser_pos/config/turtle_params.yaml -> /home/lephi7/Documents/ros2_projects/laser_test/install/laser_pos/share/laser_pos/config
[4.756s] Invoked command in '/home/lephi7/Documents/ros2_projects/laser_test/build/laser_pos' returned '0': PYTHONPATH=/home/lephi7/Documents/ros2_projects/laser_test/build/laser_pos/prefix_override:/usr/lib/python3/dist-packages/colcon_core/task/python/colcon_distutils_commands:/home/lephi7/Documents/ros2_projects/laser_test/install/laser_pos/lib/python3.10/site-packages:${PYTHONPATH} /usr/bin/python3 -W ignore:setup.py install is deprecated -W ignore:easy_install command is deprecated setup.py develop --editable --build-directory /home/lephi7/Documents/ros2_projects/laser_test/build/laser_pos/build --no-deps symlink_data --force
