[2.349s] Invoking command in '/home/lephi7/Documents/ros2_projects/laser_test/src/object_moving': PYTHONPATH=/home/lephi7/Documents/ros2_projects/laser_test/build/object_moving/prefix_override:/usr/lib/python3/dist-packages/colcon_core/task/python/colcon_distutils_commands:/home/lephi7/Documents/ros2_projects/laser_test/install/object_moving/lib/python3.10/site-packages:${PYTHONPATH} /usr/bin/python3 -W ignore:setup.py install is deprecated -W ignore:easy_install command is deprecated setup.py egg_info --egg-base ../../build/object_moving build --build-base /home/lephi7/Documents/ros2_projects/laser_test/build/object_moving/build install --record /home/lephi7/Documents/ros2_projects/laser_test/build/object_moving/install.log --single-version-externally-managed install_data
[3.302s] running egg_info
[3.305s] writing ../../build/object_moving/object_moving.egg-info/PKG-INFO
[3.306s] writing dependency_links to ../../build/object_moving/object_moving.egg-info/dependency_links.txt
[3.307s] writing entry points to ../../build/object_moving/object_moving.egg-info/entry_points.txt
[3.307s] writing requirements to ../../build/object_moving/object_moving.egg-info/requires.txt
[3.307s] writing top-level names to ../../build/object_moving/object_moving.egg-info/top_level.txt
[3.318s] reading manifest file '../../build/object_moving/object_moving.egg-info/SOURCES.txt'
[3.321s] writing manifest file '../../build/object_moving/object_moving.egg-info/SOURCES.txt'
[3.321s] running build
[3.322s] running build_py
[3.332s] running install
[3.333s] running install_lib
[3.333s] running install_data
[3.333s] copying package.xml -> /home/lephi7/Documents/ros2_projects/laser_test/install/object_moving/share/object_moving
[3.334s] running install_egg_info
[3.342s] removing '/home/lephi7/Documents/ros2_projects/laser_test/install/object_moving/lib/python3.10/site-packages/object_moving-0.0.0-py3.10.egg-info' (and everything under it)
[3.342s] Copying ../../build/object_moving/object_moving.egg-info to /home/lephi7/Documents/ros2_projects/laser_test/install/object_moving/lib/python3.10/site-packages/object_moving-0.0.0-py3.10.egg-info
[3.356s] running install_scripts
[3.443s] Installing pos_of_object script to /home/lephi7/Documents/ros2_projects/laser_test/install/object_moving/lib/object_moving
[3.444s] writing list of installed files to '/home/lephi7/Documents/ros2_projects/laser_test/build/object_moving/install.log'
[3.573s] Invoked command in '/home/lephi7/Documents/ros2_projects/laser_test/src/object_moving' returned '0': PYTHONPATH=/home/lephi7/Documents/ros2_projects/laser_test/build/object_moving/prefix_override:/usr/lib/python3/dist-packages/colcon_core/task/python/colcon_distutils_commands:/home/lephi7/Documents/ros2_projects/laser_test/install/object_moving/lib/python3.10/site-packages:${PYTHONPATH} /usr/bin/python3 -W ignore:setup.py install is deprecated -W ignore:easy_install command is deprecated setup.py egg_info --egg-base ../../build/object_moving build --build-base /home/lephi7/Documents/ros2_projects/laser_test/build/object_moving/build install --record /home/lephi7/Documents/ros2_projects/laser_test/build/object_moving/install.log --single-version-externally-managed install_data
