running egg_info
creating ../../build/laser_pos/laser_pos.egg-info
writing ../../build/laser_pos/laser_pos.egg-info/PKG-INFO
writing dependency_links to ../../build/laser_pos/laser_pos.egg-info/dependency_links.txt
writing entry points to ../../build/laser_pos/laser_pos.egg-info/entry_points.txt
writing requirements to ../../build/laser_pos/laser_pos.egg-info/requires.txt
writing top-level names to ../../build/laser_pos/laser_pos.egg-info/top_level.txt
writing manifest file '../../build/laser_pos/laser_pos.egg-info/SOURCES.txt'
reading manifest file '../../build/laser_pos/laser_pos.egg-info/SOURCES.txt'
writing manifest file '../../build/laser_pos/laser_pos.egg-info/SOURCES.txt'
running build
running build_py
creating /home/lephi7/Documents/ros2_projects/laser_test/build/laser_pos/build
creating /home/lephi7/Documents/ros2_projects/laser_test/build/laser_pos/build/lib
creating /home/lephi7/Documents/ros2_projects/laser_test/build/laser_pos/build/lib/laser_pos
copying laser_pos/__init__.py -> /home/lephi7/Documents/ros2_projects/laser_test/build/laser_pos/build/lib/laser_pos
copying laser_pos/turtle_follower.py -> /home/lephi7/Documents/ros2_projects/laser_test/build/laser_pos/build/lib/laser_pos
copying laser_pos/turtle_pose_listener.py -> /home/lephi7/Documents/ros2_projects/laser_test/build/laser_pos/build/lib/laser_pos
running install
running install_lib
creating /home/lephi7/Documents/ros2_projects/laser_test/install/laser_pos/lib/python3.10/site-packages/laser_pos
copying /home/lephi7/Documents/ros2_projects/laser_test/build/laser_pos/build/lib/laser_pos/__init__.py -> /home/lephi7/Documents/ros2_projects/laser_test/install/laser_pos/lib/python3.10/site-packages/laser_pos
copying /home/lephi7/Documents/ros2_projects/laser_test/build/laser_pos/build/lib/laser_pos/turtle_follower.py -> /home/lephi7/Documents/ros2_projects/laser_test/install/laser_pos/lib/python3.10/site-packages/laser_pos
copying /home/lephi7/Documents/ros2_projects/laser_test/build/laser_pos/build/lib/laser_pos/turtle_pose_listener.py -> /home/lephi7/Documents/ros2_projects/laser_test/install/laser_pos/lib/python3.10/site-packages/laser_pos
byte-compiling /home/lephi7/Documents/ros2_projects/laser_test/install/laser_pos/lib/python3.10/site-packages/laser_pos/__init__.py to __init__.cpython-310.pyc
byte-compiling /home/lephi7/Documents/ros2_projects/laser_test/install/laser_pos/lib/python3.10/site-packages/laser_pos/turtle_follower.py to turtle_follower.cpython-310.pyc
byte-compiling /home/lephi7/Documents/ros2_projects/laser_test/install/laser_pos/lib/python3.10/site-packages/laser_pos/turtle_pose_listener.py to turtle_pose_listener.cpython-310.pyc
running install_data
creating /home/lephi7/Documents/ros2_projects/laser_test/install/laser_pos/share
creating /home/lephi7/Documents/ros2_projects/laser_test/install/laser_pos/share/ament_index
creating /home/lephi7/Documents/ros2_projects/laser_test/install/laser_pos/share/ament_index/resource_index
creating /home/lephi7/Documents/ros2_projects/laser_test/install/laser_pos/share/ament_index/resource_index/packages
copying resource/laser_pos -> /home/lephi7/Documents/ros2_projects/laser_test/install/laser_pos/share/ament_index/resource_index/packages
creating /home/lephi7/Documents/ros2_projects/laser_test/install/laser_pos/share/laser_pos
copying package.xml -> /home/lephi7/Documents/ros2_projects/laser_test/install/laser_pos/share/laser_pos
running install_egg_info
Copying ../../build/laser_pos/laser_pos.egg-info to /home/lephi7/Documents/ros2_projects/laser_test/install/laser_pos/lib/python3.10/site-packages/laser_pos-0.0.0-py3.10.egg-info
running install_scripts
Installing turtle_follower script to /home/lephi7/Documents/ros2_projects/laser_test/install/laser_pos/lib/laser_pos
Installing turtle_pos_listener script to /home/lephi7/Documents/ros2_projects/laser_test/install/laser_pos/lib/laser_pos
writing list of installed files to '/home/lephi7/Documents/ros2_projects/laser_test/build/laser_pos/install.log'
