[2.351s] Invoking command in '/home/lephi7/Documents/ros2_projects/laser_test/src/object_moving': PYTHONPATH=/home/lephi7/Documents/ros2_projects/laser_test/build/object_moving/prefix_override:/usr/lib/python3/dist-packages/colcon_core/task/python/colcon_distutils_commands:/home/lephi7/Documents/ros2_projects/laser_test/install/object_moving/lib/python3.10/site-packages:${PYTHONPATH} /usr/bin/python3 -W ignore:setup.py install is deprecated -W ignore:easy_install command is deprecated setup.py egg_info --egg-base ../../build/object_moving build --build-base /home/lephi7/Documents/ros2_projects/laser_test/build/object_moving/build install --record /home/lephi7/Documents/ros2_projects/laser_test/build/object_moving/install.log --single-version-externally-managed install_data
[3.258s] running egg_info
[3.260s] writing ../../build/object_moving/object_moving.egg-info/PKG-INFO
[3.261s] writing dependency_links to ../../build/object_moving/object_moving.egg-info/dependency_links.txt
[3.262s] writing entry points to ../../build/object_moving/object_moving.egg-info/entry_points.txt
[3.262s] writing requirements to ../../build/object_moving/object_moving.egg-info/requires.txt
[3.263s] writing top-level names to ../../build/object_moving/object_moving.egg-info/top_level.txt
[3.269s] reading manifest file '../../build/object_moving/object_moving.egg-info/SOURCES.txt'
[3.272s] writing manifest file '../../build/object_moving/object_moving.egg-info/SOURCES.txt'
[3.273s] running build
[3.273s] running build_py
[3.274s] running install
[3.275s] running install_lib
[3.279s] running install_data
[3.280s] running install_egg_info
[3.287s] removing '/home/lephi7/Documents/ros2_projects/laser_test/install/object_moving/lib/python3.10/site-packages/object_moving-0.0.0-py3.10.egg-info' (and everything under it)
[3.288s] Copying ../../build/object_moving/object_moving.egg-info to /home/lephi7/Documents/ros2_projects/laser_test/install/object_moving/lib/python3.10/site-packages/object_moving-0.0.0-py3.10.egg-info
[3.292s] running install_scripts
[3.381s] Installing pos_of_object script to /home/lephi7/Documents/ros2_projects/laser_test/install/object_moving/lib/object_moving
[3.385s] writing list of installed files to '/home/lephi7/Documents/ros2_projects/laser_test/build/object_moving/install.log'
[3.511s] Invoked command in '/home/lephi7/Documents/ros2_projects/laser_test/src/object_moving' returned '0': PYTHONPATH=/home/lephi7/Documents/ros2_projects/laser_test/build/object_moving/prefix_override:/usr/lib/python3/dist-packages/colcon_core/task/python/colcon_distutils_commands:/home/lephi7/Documents/ros2_projects/laser_test/install/object_moving/lib/python3.10/site-packages:${PYTHONPATH} /usr/bin/python3 -W ignore:setup.py install is deprecated -W ignore:easy_install command is deprecated setup.py egg_info --egg-base ../../build/object_moving build --build-base /home/lephi7/Documents/ros2_projects/laser_test/build/object_moving/build install --record /home/lephi7/Documents/ros2_projects/laser_test/build/object_moving/install.log --single-version-externally-managed install_data
