[1.458s] Invoking command in '/home/lephi7/Documents/ros2_projects/laser_test/src/object_moving': PYTHONPATH=/home/lephi7/Documents/ros2_projects/laser_test/build/object_moving/prefix_override:/usr/lib/python3/dist-packages/colcon_core/task/python/colcon_distutils_commands:/home/lephi7/Documents/ros2_projects/laser_test/install/object_moving/lib/python3.10/site-packages:${PYTHONPATH} /usr/bin/python3 -W ignore:setup.py install is deprecated -W ignore:easy_install command is deprecated setup.py egg_info --egg-base ../../build/object_moving build --build-base /home/lephi7/Documents/ros2_projects/laser_test/build/object_moving/build install --record /home/lephi7/Documents/ros2_projects/laser_test/build/object_moving/install.log --single-version-externally-managed install_data
[2.099s] running egg_info
[2.100s] writing ../../build/object_moving/object_moving.egg-info/PKG-INFO
[2.102s] writing dependency_links to ../../build/object_moving/object_moving.egg-info/dependency_links.txt
[2.102s] writing entry points to ../../build/object_moving/object_moving.egg-info/entry_points.txt
[2.102s] writing requirements to ../../build/object_moving/object_moving.egg-info/requires.txt
[2.103s] writing top-level names to ../../build/object_moving/object_moving.egg-info/top_level.txt
[2.108s] reading manifest file '../../build/object_moving/object_moving.egg-info/SOURCES.txt'
[2.111s] writing manifest file '../../build/object_moving/object_moving.egg-info/SOURCES.txt'
[2.111s] running build
[2.112s] running build_py
[2.112s] running install
[2.113s] running install_lib
[2.117s] running install_data
[2.122s] running install_egg_info
[2.126s] removing '/home/lephi7/Documents/ros2_projects/laser_test/install/object_moving/lib/python3.10/site-packages/object_moving-0.0.0-py3.10.egg-info' (and everything under it)
[2.127s] Copying ../../build/object_moving/object_moving.egg-info to /home/lephi7/Documents/ros2_projects/laser_test/install/object_moving/lib/python3.10/site-packages/object_moving-0.0.0-py3.10.egg-info
[2.130s] running install_scripts
[2.190s] Installing pos_of_object script to /home/lephi7/Documents/ros2_projects/laser_test/install/object_moving/lib/object_moving
[2.191s] writing list of installed files to '/home/lephi7/Documents/ros2_projects/laser_test/build/object_moving/install.log'
[2.265s] Invoked command in '/home/lephi7/Documents/ros2_projects/laser_test/src/object_moving' returned '0': PYTHONPATH=/home/lephi7/Documents/ros2_projects/laser_test/build/object_moving/prefix_override:/usr/lib/python3/dist-packages/colcon_core/task/python/colcon_distutils_commands:/home/lephi7/Documents/ros2_projects/laser_test/install/object_moving/lib/python3.10/site-packages:${PYTHONPATH} /usr/bin/python3 -W ignore:setup.py install is deprecated -W ignore:easy_install command is deprecated setup.py egg_info --egg-base ../../build/object_moving build --build-base /home/lephi7/Documents/ros2_projects/laser_test/build/object_moving/build install --record /home/lephi7/Documents/ros2_projects/laser_test/build/object_moving/install.log --single-version-externally-managed install_data
