[1.260s] Invoking command in '/home/lephi7/Documents/ros2_projects/laser_test/src/laser_pos': PYTHONPATH=/home/lephi7/Documents/ros2_projects/laser_test/build/laser_pos/prefix_override:/usr/lib/python3/dist-packages/colcon_core/task/python/colcon_distutils_commands:/home/lephi7/Documents/ros2_projects/laser_test/install/laser_pos/lib/python3.10/site-packages:${PYTHONPATH} /usr/bin/python3 -W ignore:setup.py install is deprecated -W ignore:easy_install command is deprecated setup.py egg_info --egg-base ../../build/laser_pos build --build-base /home/lephi7/Documents/ros2_projects/laser_test/build/laser_pos/build install --record /home/lephi7/Documents/ros2_projects/laser_test/build/laser_pos/install.log --single-version-externally-managed install_data
[1.807s] running egg_info
[1.808s] writing ../../build/laser_pos/laser_pos.egg-info/PKG-INFO
[1.810s] writing dependency_links to ../../build/laser_pos/laser_pos.egg-info/dependency_links.txt
[1.810s] writing entry points to ../../build/laser_pos/laser_pos.egg-info/entry_points.txt
[1.811s] writing requirements to ../../build/laser_pos/laser_pos.egg-info/requires.txt
[1.811s] writing top-level names to ../../build/laser_pos/laser_pos.egg-info/top_level.txt
[1.816s] reading manifest file '../../build/laser_pos/laser_pos.egg-info/SOURCES.txt'
[1.819s] writing manifest file '../../build/laser_pos/laser_pos.egg-info/SOURCES.txt'
[1.820s] running build
[1.820s] running build_py
[1.821s] running install
[1.822s] running install_lib
[1.825s] running install_data
[1.826s] copying launch/turtle_follower.launch.py -> /home/lephi7/Documents/ros2_projects/laser_test/install/laser_pos/share/laser_pos/launch
[1.826s] running install_egg_info
[1.832s] removing '/home/lephi7/Documents/ros2_projects/laser_test/install/laser_pos/lib/python3.10/site-packages/laser_pos-0.0.0-py3.10.egg-info' (and everything under it)
[1.833s] Copying ../../build/laser_pos/laser_pos.egg-info to /home/lephi7/Documents/ros2_projects/laser_test/install/laser_pos/lib/python3.10/site-packages/laser_pos-0.0.0-py3.10.egg-info
[1.835s] running install_scripts
[1.879s] Installing turtle_follower script to /home/lephi7/Documents/ros2_projects/laser_test/install/laser_pos/lib/laser_pos
[1.887s] Installing turtle_pos_listener script to /home/lephi7/Documents/ros2_projects/laser_test/install/laser_pos/lib/laser_pos
[1.888s] writing list of installed files to '/home/lephi7/Documents/ros2_projects/laser_test/build/laser_pos/install.log'
[1.951s] Invoked command in '/home/lephi7/Documents/ros2_projects/laser_test/src/laser_pos' returned '0': PYTHONPATH=/home/lephi7/Documents/ros2_projects/laser_test/build/laser_pos/prefix_override:/usr/lib/python3/dist-packages/colcon_core/task/python/colcon_distutils_commands:/home/lephi7/Documents/ros2_projects/laser_test/install/laser_pos/lib/python3.10/site-packages:${PYTHONPATH} /usr/bin/python3 -W ignore:setup.py install is deprecated -W ignore:easy_install command is deprecated setup.py egg_info --egg-base ../../build/laser_pos build --build-base /home/lephi7/Documents/ros2_projects/laser_test/build/laser_pos/build install --record /home/lephi7/Documents/ros2_projects/laser_test/build/laser_pos/install.log --single-version-externally-managed install_data
