[1.168s] Invoking command in '/home/lephi7/Documents/ros2_projects/laser_test/src/laser_pos': PYTHONPATH=/home/lephi7/Documents/ros2_projects/laser_test/build/laser_pos/prefix_override:/usr/lib/python3/dist-packages/colcon_core/task/python/colcon_distutils_commands:/home/lephi7/Documents/ros2_projects/laser_test/install/laser_pos/lib/python3.10/site-packages:${PYTHONPATH} /usr/bin/python3 -W ignore:setup.py install is deprecated -W ignore:easy_install command is deprecated setup.py egg_info --egg-base ../../build/laser_pos build --build-base /home/lephi7/Documents/ros2_projects/laser_test/build/laser_pos/build install --record /home/lephi7/Documents/ros2_projects/laser_test/build/laser_pos/install.log --single-version-externally-managed install_data
[1.611s] running egg_info
[1.612s] writing ../../build/laser_pos/laser_pos.egg-info/PKG-INFO
[1.613s] writing dependency_links to ../../build/laser_pos/laser_pos.egg-info/dependency_links.txt
[1.614s] writing entry points to ../../build/laser_pos/laser_pos.egg-info/entry_points.txt
[1.614s] writing requirements to ../../build/laser_pos/laser_pos.egg-info/requires.txt
[1.614s] writing top-level names to ../../build/laser_pos/laser_pos.egg-info/top_level.txt
[1.619s] reading manifest file '../../build/laser_pos/laser_pos.egg-info/SOURCES.txt'
[1.622s] writing manifest file '../../build/laser_pos/laser_pos.egg-info/SOURCES.txt'
[1.622s] running build
[1.622s] running build_py
[1.623s] running install
[1.624s] running install_lib
[1.627s] creating /home/lephi7/Documents/ros2_projects/laser_test/install/laser_pos/lib/python3.10/site-packages/laser_pos
[1.628s] copying /home/lephi7/Documents/ros2_projects/laser_test/build/laser_pos/build/lib/laser_pos/__init__.py -> /home/lephi7/Documents/ros2_projects/laser_test/install/laser_pos/lib/python3.10/site-packages/laser_pos
[1.628s] copying /home/lephi7/Documents/ros2_projects/laser_test/build/laser_pos/build/lib/laser_pos/turtle_follower.py -> /home/lephi7/Documents/ros2_projects/laser_test/install/laser_pos/lib/python3.10/site-packages/laser_pos
[1.632s] copying /home/lephi7/Documents/ros2_projects/laser_test/build/laser_pos/build/lib/laser_pos/turtle_pose_listener.py -> /home/lephi7/Documents/ros2_projects/laser_test/install/laser_pos/lib/python3.10/site-packages/laser_pos
[1.633s] byte-compiling /home/lephi7/Documents/ros2_projects/laser_test/install/laser_pos/lib/python3.10/site-packages/laser_pos/__init__.py to __init__.cpython-310.pyc
[1.634s] byte-compiling /home/lephi7/Documents/ros2_projects/laser_test/install/laser_pos/lib/python3.10/site-packages/laser_pos/turtle_follower.py to turtle_follower.cpython-310.pyc
[1.634s] byte-compiling /home/lephi7/Documents/ros2_projects/laser_test/install/laser_pos/lib/python3.10/site-packages/laser_pos/turtle_pose_listener.py to turtle_pose_listener.cpython-310.pyc
[1.638s] running install_data
[1.638s] creating /home/lephi7/Documents/ros2_projects/laser_test/install/laser_pos/share
[1.638s] creating /home/lephi7/Documents/ros2_projects/laser_test/install/laser_pos/share/ament_index
[1.638s] creating /home/lephi7/Documents/ros2_projects/laser_test/install/laser_pos/share/ament_index/resource_index
[1.639s] creating /home/lephi7/Documents/ros2_projects/laser_test/install/laser_pos/share/ament_index/resource_index/packages
[1.639s] copying resource/laser_pos -> /home/lephi7/Documents/ros2_projects/laser_test/install/laser_pos/share/ament_index/resource_index/packages
[1.639s] creating /home/lephi7/Documents/ros2_projects/laser_test/install/laser_pos/share/laser_pos
[1.640s] copying package.xml -> /home/lephi7/Documents/ros2_projects/laser_test/install/laser_pos/share/laser_pos
[1.640s] creating /home/lephi7/Documents/ros2_projects/laser_test/install/laser_pos/share/laser_pos/launch
[1.641s] copying launch/turtle_follower.launch.py -> /home/lephi7/Documents/ros2_projects/laser_test/install/laser_pos/share/laser_pos/launch
[1.641s] creating /home/lephi7/Documents/ros2_projects/laser_test/install/laser_pos/share/laser_pos/config
[1.641s] copying config/turtle_params.yaml -> /home/lephi7/Documents/ros2_projects/laser_test/install/laser_pos/share/laser_pos/config
[1.641s] running install_egg_info
[1.645s] Copying ../../build/laser_pos/laser_pos.egg-info to /home/lephi7/Documents/ros2_projects/laser_test/install/laser_pos/lib/python3.10/site-packages/laser_pos-0.0.0-py3.10.egg-info
[1.647s] running install_scripts
[1.679s] Installing turtle_follower script to /home/lephi7/Documents/ros2_projects/laser_test/install/laser_pos/lib/laser_pos
[1.679s] Installing turtle_pos_listener script to /home/lephi7/Documents/ros2_projects/laser_test/install/laser_pos/lib/laser_pos
[1.679s] writing list of installed files to '/home/lephi7/Documents/ros2_projects/laser_test/build/laser_pos/install.log'
[1.740s] Invoked command in '/home/lephi7/Documents/ros2_projects/laser_test/src/laser_pos' returned '0': PYTHONPATH=/home/lephi7/Documents/ros2_projects/laser_test/build/laser_pos/prefix_override:/usr/lib/python3/dist-packages/colcon_core/task/python/colcon_distutils_commands:/home/lephi7/Documents/ros2_projects/laser_test/install/laser_pos/lib/python3.10/site-packages:${PYTHONPATH} /usr/bin/python3 -W ignore:setup.py install is deprecated -W ignore:easy_install command is deprecated setup.py egg_info --egg-base ../../build/laser_pos build --build-base /home/lephi7/Documents/ros2_projects/laser_test/build/laser_pos/build install --record /home/lephi7/Documents/ros2_projects/laser_test/build/laser_pos/install.log --single-version-externally-managed install_data
