[3.193s] Invoking command in '/home/lephi7/Documents/ros2_projects/laser_test/src/laser_pos': PYTHONPATH=/home/lephi7/Documents/ros2_projects/laser_test/build/laser_pos/prefix_override:/usr/lib/python3/dist-packages/colcon_core/task/python/colcon_distutils_commands:/home/lephi7/Documents/ros2_projects/laser_test/install/laser_pos/lib/python3.10/site-packages:${PYTHONPATH} /usr/bin/python3 -W ignore:setup.py install is deprecated -W ignore:easy_install command is deprecated setup.py egg_info --egg-base ../../build/laser_pos build --build-base /home/lephi7/Documents/ros2_projects/laser_test/build/laser_pos/build install --record /home/lephi7/Documents/ros2_projects/laser_test/build/laser_pos/install.log --single-version-externally-managed install_data
[4.618s] running egg_info
[4.622s] writing ../../build/laser_pos/laser_pos.egg-info/PKG-INFO
[4.623s] writing dependency_links to ../../build/laser_pos/laser_pos.egg-info/dependency_links.txt
[4.624s] writing entry points to ../../build/laser_pos/laser_pos.egg-info/entry_points.txt
[4.625s] writing requirements to ../../build/laser_pos/laser_pos.egg-info/requires.txt
[4.625s] writing top-level names to ../../build/laser_pos/laser_pos.egg-info/top_level.txt
[4.633s] reading manifest file '../../build/laser_pos/laser_pos.egg-info/SOURCES.txt'
[4.639s] writing manifest file '../../build/laser_pos/laser_pos.egg-info/SOURCES.txt'
[4.641s] running build
[4.644s] running build_py
[4.644s] copying laser_pos/turtle_follower.py -> /home/lephi7/Documents/ros2_projects/laser_test/build/laser_pos/build/lib/laser_pos
[4.645s] copying laser_pos/turtle_pose_listener.py -> /home/lephi7/Documents/ros2_projects/laser_test/build/laser_pos/build/lib/laser_pos
[4.645s] running install
[4.646s] running install_lib
[4.652s] copying /home/lephi7/Documents/ros2_projects/laser_test/build/laser_pos/build/lib/laser_pos/turtle_follower.py -> /home/lephi7/Documents/ros2_projects/laser_test/install/laser_pos/lib/python3.10/site-packages/laser_pos
[4.652s] copying /home/lephi7/Documents/ros2_projects/laser_test/build/laser_pos/build/lib/laser_pos/turtle_pose_listener.py -> /home/lephi7/Documents/ros2_projects/laser_test/install/laser_pos/lib/python3.10/site-packages/laser_pos
[4.653s] byte-compiling /home/lephi7/Documents/ros2_projects/laser_test/install/laser_pos/lib/python3.10/site-packages/laser_pos/turtle_follower.py to turtle_follower.cpython-310.pyc
[4.664s] byte-compiling /home/lephi7/Documents/ros2_projects/laser_test/install/laser_pos/lib/python3.10/site-packages/laser_pos/turtle_pose_listener.py to turtle_pose_listener.cpython-310.pyc
[4.664s] running install_data
[4.665s] copying package.xml -> /home/lephi7/Documents/ros2_projects/laser_test/install/laser_pos/share/laser_pos
[4.665s] copying launch/turtle_follower.launch.py -> /home/lephi7/Documents/ros2_projects/laser_test/install/laser_pos/share/laser_pos/launch
[4.666s] running install_egg_info
[4.686s] removing '/home/lephi7/Documents/ros2_projects/laser_test/install/laser_pos/lib/python3.10/site-packages/laser_pos-0.0.0-py3.10.egg-info' (and everything under it)
[4.690s] Copying ../../build/laser_pos/laser_pos.egg-info to /home/lephi7/Documents/ros2_projects/laser_test/install/laser_pos/lib/python3.10/site-packages/laser_pos-0.0.0-py3.10.egg-info
[4.698s] running install_scripts
[4.821s] Installing turtle_follower script to /home/lephi7/Documents/ros2_projects/laser_test/install/laser_pos/lib/laser_pos
[4.824s] Installing turtle_pos_listener script to /home/lephi7/Documents/ros2_projects/laser_test/install/laser_pos/lib/laser_pos
[4.828s] writing list of installed files to '/home/lephi7/Documents/ros2_projects/laser_test/build/laser_pos/install.log'
[4.959s] Invoked command in '/home/lephi7/Documents/ros2_projects/laser_test/src/laser_pos' returned '0': PYTHONPATH=/home/lephi7/Documents/ros2_projects/laser_test/build/laser_pos/prefix_override:/usr/lib/python3/dist-packages/colcon_core/task/python/colcon_distutils_commands:/home/lephi7/Documents/ros2_projects/laser_test/install/laser_pos/lib/python3.10/site-packages:${PYTHONPATH} /usr/bin/python3 -W ignore:setup.py install is deprecated -W ignore:easy_install command is deprecated setup.py egg_info --egg-base ../../build/laser_pos build --build-base /home/lephi7/Documents/ros2_projects/laser_test/build/laser_pos/build install --record /home/lephi7/Documents/ros2_projects/laser_test/build/laser_pos/install.log --single-version-externally-managed install_data
