running egg_info
creating ../../build/object_moving/object_moving.egg-info
writing ../../build/object_moving/object_moving.egg-info/PKG-INFO
writing dependency_links to ../../build/object_moving/object_moving.egg-info/dependency_links.txt
writing entry points to ../../build/object_moving/object_moving.egg-info/entry_points.txt
writing requirements to ../../build/object_moving/object_moving.egg-info/requires.txt
writing top-level names to ../../build/object_moving/object_moving.egg-info/top_level.txt
writing manifest file '../../build/object_moving/object_moving.egg-info/SOURCES.txt'
reading manifest file '../../build/object_moving/object_moving.egg-info/SOURCES.txt'
writing manifest file '../../build/object_moving/object_moving.egg-info/SOURCES.txt'
running build
running build_py
creating /home/lephi7/Documents/ros2_projects/laser_test/build/object_moving/build
creating /home/lephi7/Documents/ros2_projects/laser_test/build/object_moving/build/lib
creating /home/lephi7/Documents/ros2_projects/laser_test/build/object_moving/build/lib/object_moving
copying object_moving/__init__.py -> /home/lephi7/Documents/ros2_projects/laser_test/build/object_moving/build/lib/object_moving
copying object_moving/pos_of_object.py -> /home/lephi7/Documents/ros2_projects/laser_test/build/object_moving/build/lib/object_moving
running install
running install_lib
creating /home/lephi7/Documents/ros2_projects/laser_test/install/object_moving/lib/python3.10/site-packages/object_moving
copying /home/lephi7/Documents/ros2_projects/laser_test/build/object_moving/build/lib/object_moving/__init__.py -> /home/lephi7/Documents/ros2_projects/laser_test/install/object_moving/lib/python3.10/site-packages/object_moving
copying /home/lephi7/Documents/ros2_projects/laser_test/build/object_moving/build/lib/object_moving/pos_of_object.py -> /home/lephi7/Documents/ros2_projects/laser_test/install/object_moving/lib/python3.10/site-packages/object_moving
byte-compiling /home/lephi7/Documents/ros2_projects/laser_test/install/object_moving/lib/python3.10/site-packages/object_moving/__init__.py to __init__.cpython-310.pyc
byte-compiling /home/lephi7/Documents/ros2_projects/laser_test/install/object_moving/lib/python3.10/site-packages/object_moving/pos_of_object.py to pos_of_object.cpython-310.pyc
running install_data
creating /home/lephi7/Documents/ros2_projects/laser_test/install/object_moving/share/ament_index
creating /home/lephi7/Documents/ros2_projects/laser_test/install/object_moving/share/ament_index/resource_index
creating /home/lephi7/Documents/ros2_projects/laser_test/install/object_moving/share/ament_index/resource_index/packages
copying resource/object_moving -> /home/lephi7/Documents/ros2_projects/laser_test/install/object_moving/share/ament_index/resource_index/packages
copying package.xml -> /home/lephi7/Documents/ros2_projects/laser_test/install/object_moving/share/object_moving
running install_egg_info
Copying ../../build/object_moving/object_moving.egg-info to /home/lephi7/Documents/ros2_projects/laser_test/install/object_moving/lib/python3.10/site-packages/object_moving-0.0.0-py3.10.egg-info
running install_scripts
writing list of installed files to '/home/lephi7/Documents/ros2_projects/laser_test/build/object_moving/install.log'
