[3.187s] Invoking command in '/home/lephi7/Documents/ros2_projects/laser_test/src/object_moving': PYTHONPATH=/home/lephi7/Documents/ros2_projects/laser_test/build/object_moving/prefix_override:/usr/lib/python3/dist-packages/colcon_core/task/python/colcon_distutils_commands:/home/lephi7/Documents/ros2_projects/laser_test/install/object_moving/lib/python3.10/site-packages:${PYTHONPATH} /usr/bin/python3 -W ignore:setup.py install is deprecated -W ignore:easy_install command is deprecated setup.py egg_info --egg-base ../../build/object_moving build --build-base /home/lephi7/Documents/ros2_projects/laser_test/build/object_moving/build install --record /home/lephi7/Documents/ros2_projects/laser_test/build/object_moving/install.log --single-version-externally-managed install_data
[4.545s] running egg_info
[4.546s] creating ../../build/object_moving/object_moving.egg-info
[4.547s] writing ../../build/object_moving/object_moving.egg-info/PKG-INFO
[4.547s] writing dependency_links to ../../build/object_moving/object_moving.egg-info/dependency_links.txt
[4.548s] writing entry points to ../../build/object_moving/object_moving.egg-info/entry_points.txt
[4.548s] writing requirements to ../../build/object_moving/object_moving.egg-info/requires.txt
[4.549s] writing top-level names to ../../build/object_moving/object_moving.egg-info/top_level.txt
[4.549s] writing manifest file '../../build/object_moving/object_moving.egg-info/SOURCES.txt'
[4.556s] reading manifest file '../../build/object_moving/object_moving.egg-info/SOURCES.txt'
[4.559s] writing manifest file '../../build/object_moving/object_moving.egg-info/SOURCES.txt'
[4.562s] running build
[4.563s] running build_py
[4.564s] creating /home/lephi7/Documents/ros2_projects/laser_test/build/object_moving/build
[4.565s] creating /home/lephi7/Documents/ros2_projects/laser_test/build/object_moving/build/lib
[4.566s] creating /home/lephi7/Documents/ros2_projects/laser_test/build/object_moving/build/lib/object_moving
[4.567s] copying object_moving/__init__.py -> /home/lephi7/Documents/ros2_projects/laser_test/build/object_moving/build/lib/object_moving
[4.567s] copying object_moving/pos_of_object.py -> /home/lephi7/Documents/ros2_projects/laser_test/build/object_moving/build/lib/object_moving
[4.568s] running install
[4.568s] running install_lib
[4.571s] creating /home/lephi7/Documents/ros2_projects/laser_test/install/object_moving/lib/python3.10/site-packages/object_moving
[4.572s] copying /home/lephi7/Documents/ros2_projects/laser_test/build/object_moving/build/lib/object_moving/__init__.py -> /home/lephi7/Documents/ros2_projects/laser_test/install/object_moving/lib/python3.10/site-packages/object_moving
[4.572s] copying /home/lephi7/Documents/ros2_projects/laser_test/build/object_moving/build/lib/object_moving/pos_of_object.py -> /home/lephi7/Documents/ros2_projects/laser_test/install/object_moving/lib/python3.10/site-packages/object_moving
[4.575s] byte-compiling /home/lephi7/Documents/ros2_projects/laser_test/install/object_moving/lib/python3.10/site-packages/object_moving/__init__.py to __init__.cpython-310.pyc
[4.576s] byte-compiling /home/lephi7/Documents/ros2_projects/laser_test/install/object_moving/lib/python3.10/site-packages/object_moving/pos_of_object.py to pos_of_object.cpython-310.pyc
[4.579s] running install_data
[4.581s] creating /home/lephi7/Documents/ros2_projects/laser_test/install/object_moving/share/ament_index
[4.582s] creating /home/lephi7/Documents/ros2_projects/laser_test/install/object_moving/share/ament_index/resource_index
[4.582s] creating /home/lephi7/Documents/ros2_projects/laser_test/install/object_moving/share/ament_index/resource_index/packages
[4.583s] copying resource/object_moving -> /home/lephi7/Documents/ros2_projects/laser_test/install/object_moving/share/ament_index/resource_index/packages
[4.583s] copying package.xml -> /home/lephi7/Documents/ros2_projects/laser_test/install/object_moving/share/object_moving
[4.583s] running install_egg_info
[4.593s] Copying ../../build/object_moving/object_moving.egg-info to /home/lephi7/Documents/ros2_projects/laser_test/install/object_moving/lib/python3.10/site-packages/object_moving-0.0.0-py3.10.egg-info
[4.598s] running install_scripts
[4.709s] writing list of installed files to '/home/lephi7/Documents/ros2_projects/laser_test/build/object_moving/install.log'
[4.836s] Invoked command in '/home/lephi7/Documents/ros2_projects/laser_test/src/object_moving' returned '0': PYTHONPATH=/home/lephi7/Documents/ros2_projects/laser_test/build/object_moving/prefix_override:/usr/lib/python3/dist-packages/colcon_core/task/python/colcon_distutils_commands:/home/lephi7/Documents/ros2_projects/laser_test/install/object_moving/lib/python3.10/site-packages:${PYTHONPATH} /usr/bin/python3 -W ignore:setup.py install is deprecated -W ignore:easy_install command is deprecated setup.py egg_info --egg-base ../../build/object_moving build --build-base /home/lephi7/Documents/ros2_projects/laser_test/build/object_moving/build install --record /home/lephi7/Documents/ros2_projects/laser_test/build/object_moving/install.log --single-version-externally-managed install_data
