[0.816s] DEBUG:colcon:Command line arguments: ['/usr/bin/colcon', 'list', '-p', '--base-paths', '/home/lephi7/Documents/ros2_projects/laser_test']
[0.816s] DEBUG:colcon:Parsed command line arguments: Namespace(log_base=None, log_level=None, verb_name='list', build_base='build', ignore_user_meta=False, metas=['./colcon.meta'], base_paths=['/home/lephi7/Documents/ros2_projects/laser_test'], packages_ignore=None, packages_ignore_regex=None, paths=None, packages_up_to=None, packages_up_to_regex=None, packages_above=None, packages_above_and_dependencies=None, packages_above_depth=None, packages_select_by_dep=None, packages_skip_by_dep=None, packages_skip_up_to=None, packages_select_build_failed=False, packages_skip_build_finished=False, packages_select_test_failures=False, packages_skip_test_passed=False, packages_select=None, packages_skip=None, packages_select_regex=None, packages_skip_regex=None, packages_start=None, packages_end=None, allow_overriding=[], topological_order=False, names_only=False, paths_only=True, topological_graph=False, topological_graph_dot=False, topological_graph_density=False, topological_graph_legend=False, topological_graph_dot_cluster=False, topological_graph_dot_include_skipped=False, mixin_files=None, mixin=None, verb_parser=<colcon_mixin.mixin.mixin_argument.MixinArgumentDecorator object at 0x787da7d624d0>, verb_extension=<colcon_package_information.verb.list.ListVerb object at 0x787da7d610c0>, main=<bound method ListVerb.main of <colcon_package_information.verb.list.ListVerb object at 0x787da7d610c0>>, mixin_verb=('list',))
[3.370s] Level 1:colcon.colcon_core.package_discovery:discover_packages(colcon_meta) check parameters
[3.371s] Level 1:colcon.colcon_core.package_discovery:discover_packages(recursive) check parameters
[3.372s] Level 1:colcon.colcon_core.package_discovery:discover_packages(ignore) check parameters
[3.372s] Level 1:colcon.colcon_core.package_discovery:discover_packages(path) check parameters
[3.372s] Level 1:colcon.colcon_core.package_discovery:discover_packages(recursive) discover
[3.373s] INFO:colcon.colcon_core.package_discovery:Crawling recursively for packages in '/home/lephi7/Documents/ros2_projects/laser_test'
[3.373s] Level 1:colcon.colcon_core.package_identification:_identify(/home/lephi7/Documents/ros2_projects/laser_test) by extensions ['ignore', 'ignore_ament_install']
[3.374s] Level 1:colcon.colcon_core.package_identification:_identify(/home/lephi7/Documents/ros2_projects/laser_test) by extension 'ignore'
[3.375s] Level 1:colcon.colcon_core.package_identification:_identify(/home/lephi7/Documents/ros2_projects/laser_test) by extension 'ignore_ament_install'
[3.375s] Level 1:colcon.colcon_core.package_identification:_identify(/home/lephi7/Documents/ros2_projects/laser_test) by extensions ['colcon_pkg']
[3.375s] Level 1:colcon.colcon_core.package_identification:_identify(/home/lephi7/Documents/ros2_projects/laser_test) by extension 'colcon_pkg'
[3.376s] Level 1:colcon.colcon_core.package_identification:_identify(/home/lephi7/Documents/ros2_projects/laser_test) by extensions ['colcon_meta']
[3.376s] Level 1:colcon.colcon_core.package_identification:_identify(/home/lephi7/Documents/ros2_projects/laser_test) by extension 'colcon_meta'
[3.376s] Level 1:colcon.colcon_core.package_identification:_identify(/home/lephi7/Documents/ros2_projects/laser_test) by extensions ['ros']
[3.377s] Level 1:colcon.colcon_core.package_identification:_identify(/home/lephi7/Documents/ros2_projects/laser_test) by extension 'ros'
[3.454s] Level 1:colcon.colcon_core.package_identification:_identify(/home/lephi7/Documents/ros2_projects/laser_test) by extensions ['cmake', 'python']
[3.455s] Level 1:colcon.colcon_core.package_identification:_identify(/home/lephi7/Documents/ros2_projects/laser_test) by extension 'cmake'
[3.455s] Level 1:colcon.colcon_core.package_identification:_identify(/home/lephi7/Documents/ros2_projects/laser_test) by extension 'python'
[3.455s] Level 1:colcon.colcon_core.package_identification:_identify(/home/lephi7/Documents/ros2_projects/laser_test) by extensions ['python_setup_py']
[3.456s] Level 1:colcon.colcon_core.package_identification:_identify(/home/lephi7/Documents/ros2_projects/laser_test) by extension 'python_setup_py'
[3.457s] Level 1:colcon.colcon_core.package_identification:_identify(/home/lephi7/Documents/ros2_projects/laser_test/build) by extensions ['ignore', 'ignore_ament_install']
[3.457s] Level 1:colcon.colcon_core.package_identification:_identify(/home/lephi7/Documents/ros2_projects/laser_test/build) by extension 'ignore'
[3.458s] Level 1:colcon.colcon_core.package_identification:_identify(/home/lephi7/Documents/ros2_projects/laser_test/build) ignored
[3.459s] Level 1:colcon.colcon_core.package_identification:_identify(/home/lephi7/Documents/ros2_projects/laser_test/install) by extensions ['ignore', 'ignore_ament_install']
[3.460s] Level 1:colcon.colcon_core.package_identification:_identify(/home/lephi7/Documents/ros2_projects/laser_test/install) by extension 'ignore'
[3.460s] Level 1:colcon.colcon_core.package_identification:_identify(/home/lephi7/Documents/ros2_projects/laser_test/install) ignored
[3.461s] Level 1:colcon.colcon_core.package_identification:_identify(/home/lephi7/Documents/ros2_projects/laser_test/log) by extensions ['ignore', 'ignore_ament_install']
[3.462s] Level 1:colcon.colcon_core.package_identification:_identify(/home/lephi7/Documents/ros2_projects/laser_test/log) by extension 'ignore'
[3.462s] Level 1:colcon.colcon_core.package_identification:_identify(/home/lephi7/Documents/ros2_projects/laser_test/log) ignored
[3.463s] Level 1:colcon.colcon_core.package_identification:_identify(/home/lephi7/Documents/ros2_projects/laser_test/src) by extensions ['ignore', 'ignore_ament_install']
[3.464s] Level 1:colcon.colcon_core.package_identification:_identify(/home/lephi7/Documents/ros2_projects/laser_test/src) by extension 'ignore'
[3.464s] Level 1:colcon.colcon_core.package_identification:_identify(/home/lephi7/Documents/ros2_projects/laser_test/src) by extension 'ignore_ament_install'
[3.464s] Level 1:colcon.colcon_core.package_identification:_identify(/home/lephi7/Documents/ros2_projects/laser_test/src) by extensions ['colcon_pkg']
[3.465s] Level 1:colcon.colcon_core.package_identification:_identify(/home/lephi7/Documents/ros2_projects/laser_test/src) by extension 'colcon_pkg'
[3.465s] Level 1:colcon.colcon_core.package_identification:_identify(/home/lephi7/Documents/ros2_projects/laser_test/src) by extensions ['colcon_meta']
[3.465s] Level 1:colcon.colcon_core.package_identification:_identify(/home/lephi7/Documents/ros2_projects/laser_test/src) by extension 'colcon_meta'
[3.466s] Level 1:colcon.colcon_core.package_identification:_identify(/home/lephi7/Documents/ros2_projects/laser_test/src) by extensions ['ros']
[3.466s] Level 1:colcon.colcon_core.package_identification:_identify(/home/lephi7/Documents/ros2_projects/laser_test/src) by extension 'ros'
[3.467s] Level 1:colcon.colcon_core.package_identification:_identify(/home/lephi7/Documents/ros2_projects/laser_test/src) by extensions ['cmake', 'python']
[3.467s] Level 1:colcon.colcon_core.package_identification:_identify(/home/lephi7/Documents/ros2_projects/laser_test/src) by extension 'cmake'
[3.467s] Level 1:colcon.colcon_core.package_identification:_identify(/home/lephi7/Documents/ros2_projects/laser_test/src) by extension 'python'
[3.468s] Level 1:colcon.colcon_core.package_identification:_identify(/home/lephi7/Documents/ros2_projects/laser_test/src) by extensions ['python_setup_py']
[3.468s] Level 1:colcon.colcon_core.package_identification:_identify(/home/lephi7/Documents/ros2_projects/laser_test/src) by extension 'python_setup_py'
[3.469s] Level 1:colcon.colcon_core.package_identification:_identify(/home/lephi7/Documents/ros2_projects/laser_test/src/action_mvt) by extensions ['ignore', 'ignore_ament_install']
[3.470s] Level 1:colcon.colcon_core.package_identification:_identify(/home/lephi7/Documents/ros2_projects/laser_test/src/action_mvt) by extension 'ignore'
[3.470s] Level 1:colcon.colcon_core.package_identification:_identify(/home/lephi7/Documents/ros2_projects/laser_test/src/action_mvt) by extension 'ignore_ament_install'
[3.471s] Level 1:colcon.colcon_core.package_identification:_identify(/home/lephi7/Documents/ros2_projects/laser_test/src/action_mvt) by extensions ['colcon_pkg']
[3.471s] Level 1:colcon.colcon_core.package_identification:_identify(/home/lephi7/Documents/ros2_projects/laser_test/src/action_mvt) by extension 'colcon_pkg'
[3.471s] Level 1:colcon.colcon_core.package_identification:_identify(/home/lephi7/Documents/ros2_projects/laser_test/src/action_mvt) by extensions ['colcon_meta']
[3.472s] Level 1:colcon.colcon_core.package_identification:_identify(/home/lephi7/Documents/ros2_projects/laser_test/src/action_mvt) by extension 'colcon_meta'
[3.472s] Level 1:colcon.colcon_core.package_identification:_identify(/home/lephi7/Documents/ros2_projects/laser_test/src/action_mvt) by extensions ['ros']
[3.472s] Level 1:colcon.colcon_core.package_identification:_identify(/home/lephi7/Documents/ros2_projects/laser_test/src/action_mvt) by extension 'ros'
[3.488s] DEBUG:colcon.colcon_core.package_identification:Package '/home/lephi7/Documents/ros2_projects/laser_test/src/action_mvt' with type 'ros.ament_python' and name 'action_mvt'
[3.489s] Level 1:colcon.colcon_core.package_identification:_identify(/home/lephi7/Documents/ros2_projects/laser_test/src/laser_pos) by extensions ['ignore', 'ignore_ament_install']
[3.489s] Level 1:colcon.colcon_core.package_identification:_identify(/home/lephi7/Documents/ros2_projects/laser_test/src/laser_pos) by extension 'ignore'
[3.490s] Level 1:colcon.colcon_core.package_identification:_identify(/home/lephi7/Documents/ros2_projects/laser_test/src/laser_pos) by extension 'ignore_ament_install'
[3.490s] Level 1:colcon.colcon_core.package_identification:_identify(/home/lephi7/Documents/ros2_projects/laser_test/src/laser_pos) by extensions ['colcon_pkg']
[3.491s] Level 1:colcon.colcon_core.package_identification:_identify(/home/lephi7/Documents/ros2_projects/laser_test/src/laser_pos) by extension 'colcon_pkg'
[3.491s] Level 1:colcon.colcon_core.package_identification:_identify(/home/lephi7/Documents/ros2_projects/laser_test/src/laser_pos) by extensions ['colcon_meta']
[3.491s] Level 1:colcon.colcon_core.package_identification:_identify(/home/lephi7/Documents/ros2_projects/laser_test/src/laser_pos) by extension 'colcon_meta'
[3.492s] Level 1:colcon.colcon_core.package_identification:_identify(/home/lephi7/Documents/ros2_projects/laser_test/src/laser_pos) by extensions ['ros']
[3.492s] Level 1:colcon.colcon_core.package_identification:_identify(/home/lephi7/Documents/ros2_projects/laser_test/src/laser_pos) by extension 'ros'
[3.496s] DEBUG:colcon.colcon_core.package_identification:Package '/home/lephi7/Documents/ros2_projects/laser_test/src/laser_pos' with type 'ros.ament_python' and name 'laser_pos'
[3.496s] Level 1:colcon.colcon_core.package_discovery:discover_packages(recursive) using defaults
