[1.367s] DEBUG:colcon:Command line arguments: ['/usr/bin/colcon', 'list', '-p', '--base-paths', '/home/lephi7/Documents/ros2_projects/laser_test']
[1.367s] DEBUG:colcon:Parsed command line arguments: Namespace(log_base=None, log_level=None, verb_name='list', build_base='build', ignore_user_meta=False, metas=['./colcon.meta'], base_paths=['/home/lephi7/Documents/ros2_projects/laser_test'], packages_ignore=None, packages_ignore_regex=None, paths=None, packages_up_to=None, packages_up_to_regex=None, packages_above=None, packages_above_and_dependencies=None, packages_above_depth=None, packages_select_by_dep=None, packages_skip_by_dep=None, packages_skip_up_to=None, packages_select_build_failed=False, packages_skip_build_finished=False, packages_select_test_failures=False, packages_skip_test_passed=False, packages_select=None, packages_skip=None, packages_select_regex=None, packages_skip_regex=None, packages_start=None, packages_end=None, allow_overriding=[], topological_order=False, names_only=False, paths_only=True, topological_graph=False, topological_graph_dot=False, topological_graph_density=False, topological_graph_legend=False, topological_graph_dot_cluster=False, topological_graph_dot_include_skipped=False, mixin_files=None, mixin=None, verb_parser=<colcon_mixin.mixin.mixin_argument.MixinArgumentDecorator object at 0x75cbde66a4d0>, verb_extension=<colcon_package_information.verb.list.ListVerb object at 0x75cbde6690c0>, main=<bound method ListVerb.main of <colcon_package_information.verb.list.ListVerb object at 0x75cbde6690c0>>, mixin_verb=('list',))
[2.808s] Level 1:colcon.colcon_core.package_discovery:discover_packages(colcon_meta) check parameters
[2.808s] Level 1:colcon.colcon_core.package_discovery:discover_packages(recursive) check parameters
[2.809s] Level 1:colcon.colcon_core.package_discovery:discover_packages(ignore) check parameters
[2.809s] Level 1:colcon.colcon_core.package_discovery:discover_packages(path) check parameters
[2.809s] Level 1:colcon.colcon_core.package_discovery:discover_packages(recursive) discover
[2.810s] INFO:colcon.colcon_core.package_discovery:Crawling recursively for packages in '/home/lephi7/Documents/ros2_projects/laser_test'
[2.810s] Level 1:colcon.colcon_core.package_identification:_identify(/home/lephi7/Documents/ros2_projects/laser_test) by extensions ['ignore', 'ignore_ament_install']
[2.811s] Level 1:colcon.colcon_core.package_identification:_identify(/home/lephi7/Documents/ros2_projects/laser_test) by extension 'ignore'
[2.811s] Level 1:colcon.colcon_core.package_identification:_identify(/home/lephi7/Documents/ros2_projects/laser_test) by extension 'ignore_ament_install'
[2.812s] Level 1:colcon.colcon_core.package_identification:_identify(/home/lephi7/Documents/ros2_projects/laser_test) by extensions ['colcon_pkg']
[2.812s] Level 1:colcon.colcon_core.package_identification:_identify(/home/lephi7/Documents/ros2_projects/laser_test) by extension 'colcon_pkg'
[2.812s] Level 1:colcon.colcon_core.package_identification:_identify(/home/lephi7/Documents/ros2_projects/laser_test) by extensions ['colcon_meta']
[2.813s] Level 1:colcon.colcon_core.package_identification:_identify(/home/lephi7/Documents/ros2_projects/laser_test) by extension 'colcon_meta'
[2.813s] Level 1:colcon.colcon_core.package_identification:_identify(/home/lephi7/Documents/ros2_projects/laser_test) by extensions ['ros']
[2.813s] Level 1:colcon.colcon_core.package_identification:_identify(/home/lephi7/Documents/ros2_projects/laser_test) by extension 'ros'
[2.881s] Level 1:colcon.colcon_core.package_identification:_identify(/home/lephi7/Documents/ros2_projects/laser_test) by extensions ['cmake', 'python']
[2.881s] Level 1:colcon.colcon_core.package_identification:_identify(/home/lephi7/Documents/ros2_projects/laser_test) by extension 'cmake'
[2.882s] Level 1:colcon.colcon_core.package_identification:_identify(/home/lephi7/Documents/ros2_projects/laser_test) by extension 'python'
[2.882s] Level 1:colcon.colcon_core.package_identification:_identify(/home/lephi7/Documents/ros2_projects/laser_test) by extensions ['python_setup_py']
[2.883s] Level 1:colcon.colcon_core.package_identification:_identify(/home/lephi7/Documents/ros2_projects/laser_test) by extension 'python_setup_py'
[2.884s] Level 1:colcon.colcon_core.package_identification:_identify(/home/lephi7/Documents/ros2_projects/laser_test/build) by extensions ['ignore', 'ignore_ament_install']
[2.884s] Level 1:colcon.colcon_core.package_identification:_identify(/home/lephi7/Documents/ros2_projects/laser_test/build) by extension 'ignore'
[2.885s] Level 1:colcon.colcon_core.package_identification:_identify(/home/lephi7/Documents/ros2_projects/laser_test/build) ignored
[2.886s] Level 1:colcon.colcon_core.package_identification:_identify(/home/lephi7/Documents/ros2_projects/laser_test/install) by extensions ['ignore', 'ignore_ament_install']
[2.887s] Level 1:colcon.colcon_core.package_identification:_identify(/home/lephi7/Documents/ros2_projects/laser_test/install) by extension 'ignore'
[2.887s] Level 1:colcon.colcon_core.package_identification:_identify(/home/lephi7/Documents/ros2_projects/laser_test/install) ignored
[2.888s] Level 1:colcon.colcon_core.package_identification:_identify(/home/lephi7/Documents/ros2_projects/laser_test/log) by extensions ['ignore', 'ignore_ament_install']
[2.889s] Level 1:colcon.colcon_core.package_identification:_identify(/home/lephi7/Documents/ros2_projects/laser_test/log) by extension 'ignore'
[2.889s] Level 1:colcon.colcon_core.package_identification:_identify(/home/lephi7/Documents/ros2_projects/laser_test/log) ignored
[2.890s] Level 1:colcon.colcon_core.package_identification:_identify(/home/lephi7/Documents/ros2_projects/laser_test/src) by extensions ['ignore', 'ignore_ament_install']
[2.891s] Level 1:colcon.colcon_core.package_identification:_identify(/home/lephi7/Documents/ros2_projects/laser_test/src) by extension 'ignore'
[2.891s] Level 1:colcon.colcon_core.package_identification:_identify(/home/lephi7/Documents/ros2_projects/laser_test/src) by extension 'ignore_ament_install'
[2.892s] Level 1:colcon.colcon_core.package_identification:_identify(/home/lephi7/Documents/ros2_projects/laser_test/src) by extensions ['colcon_pkg']
[2.892s] Level 1:colcon.colcon_core.package_identification:_identify(/home/lephi7/Documents/ros2_projects/laser_test/src) by extension 'colcon_pkg'
[2.892s] Level 1:colcon.colcon_core.package_identification:_identify(/home/lephi7/Documents/ros2_projects/laser_test/src) by extensions ['colcon_meta']
[2.892s] Level 1:colcon.colcon_core.package_identification:_identify(/home/lephi7/Documents/ros2_projects/laser_test/src) by extension 'colcon_meta'
[2.893s] Level 1:colcon.colcon_core.package_identification:_identify(/home/lephi7/Documents/ros2_projects/laser_test/src) by extensions ['ros']
[2.893s] Level 1:colcon.colcon_core.package_identification:_identify(/home/lephi7/Documents/ros2_projects/laser_test/src) by extension 'ros'
[2.894s] Level 1:colcon.colcon_core.package_identification:_identify(/home/lephi7/Documents/ros2_projects/laser_test/src) by extensions ['cmake', 'python']
[2.894s] Level 1:colcon.colcon_core.package_identification:_identify(/home/lephi7/Documents/ros2_projects/laser_test/src) by extension 'cmake'
[2.894s] Level 1:colcon.colcon_core.package_identification:_identify(/home/lephi7/Documents/ros2_projects/laser_test/src) by extension 'python'
[2.895s] Level 1:colcon.colcon_core.package_identification:_identify(/home/lephi7/Documents/ros2_projects/laser_test/src) by extensions ['python_setup_py']
[2.895s] Level 1:colcon.colcon_core.package_identification:_identify(/home/lephi7/Documents/ros2_projects/laser_test/src) by extension 'python_setup_py'
[2.896s] Level 1:colcon.colcon_core.package_identification:_identify(/home/lephi7/Documents/ros2_projects/laser_test/src/laser_pos) by extensions ['ignore', 'ignore_ament_install']
[2.897s] Level 1:colcon.colcon_core.package_identification:_identify(/home/lephi7/Documents/ros2_projects/laser_test/src/laser_pos) by extension 'ignore'
[2.897s] Level 1:colcon.colcon_core.package_identification:_identify(/home/lephi7/Documents/ros2_projects/laser_test/src/laser_pos) by extension 'ignore_ament_install'
[2.898s] Level 1:colcon.colcon_core.package_identification:_identify(/home/lephi7/Documents/ros2_projects/laser_test/src/laser_pos) by extensions ['colcon_pkg']
[2.898s] Level 1:colcon.colcon_core.package_identification:_identify(/home/lephi7/Documents/ros2_projects/laser_test/src/laser_pos) by extension 'colcon_pkg'
[2.898s] Level 1:colcon.colcon_core.package_identification:_identify(/home/lephi7/Documents/ros2_projects/laser_test/src/laser_pos) by extensions ['colcon_meta']
[2.899s] Level 1:colcon.colcon_core.package_identification:_identify(/home/lephi7/Documents/ros2_projects/laser_test/src/laser_pos) by extension 'colcon_meta'
[2.899s] Level 1:colcon.colcon_core.package_identification:_identify(/home/lephi7/Documents/ros2_projects/laser_test/src/laser_pos) by extensions ['ros']
[2.899s] Level 1:colcon.colcon_core.package_identification:_identify(/home/lephi7/Documents/ros2_projects/laser_test/src/laser_pos) by extension 'ros'
[2.905s] DEBUG:colcon.colcon_core.package_identification:Failed to parse potential ROS package manifest in'/home/lephi7/Documents/ros2_projects/laser_test/src/laser_pos': Error(s) in package '/home/lephi7/Documents/ros2_projects/laser_test/src/laser_pos/package.xml':
The manifest contains invalid XML:
mismatched tag: line 12, column 27
[2.906s] Level 1:colcon.colcon_core.package_identification:_identify(/home/lephi7/Documents/ros2_projects/laser_test/src/laser_pos) by extensions ['cmake', 'python']
[2.906s] Level 1:colcon.colcon_core.package_identification:_identify(/home/lephi7/Documents/ros2_projects/laser_test/src/laser_pos) by extension 'cmake'
[2.907s] Level 1:colcon.colcon_core.package_identification:_identify(/home/lephi7/Documents/ros2_projects/laser_test/src/laser_pos) by extension 'python'
[2.907s] DEBUG:colcon.colcon_core.package_identification:Python package in '/home/lephi7/Documents/ros2_projects/laser_test/src/laser_pos' passes arguments to the setup() function which requires a different identification extension than 'python'
[2.908s] Level 1:colcon.colcon_core.package_identification:_identify(/home/lephi7/Documents/ros2_projects/laser_test/src/laser_pos) by extensions ['python_setup_py']
[2.908s] Level 1:colcon.colcon_core.package_identification:_identify(/home/lephi7/Documents/ros2_projects/laser_test/src/laser_pos) by extension 'python_setup_py'
[4.562s] DEBUG:colcon.colcon_core.package_identification:Package '/home/lephi7/Documents/ros2_projects/laser_test/src/laser_pos' with type 'python' and name 'laser_pos'
[4.564s] Level 1:colcon.colcon_core.package_discovery:discover_packages(recursive) using defaults
