[3.729s] Invoking command in '/home/lephi7/Documents/ros2_projects/laser_test/src/laser_pos': PYTHONPATH=/home/lephi7/Documents/ros2_projects/laser_test/build/laser_pos/prefix_override:/usr/lib/python3/dist-packages/colcon_core/task/python/colcon_distutils_commands:/home/lephi7/Documents/ros2_projects/laser_test/install/laser_pos/lib/python3.10/site-packages:${PYTHONPATH} /usr/bin/python3 -W ignore:setup.py install is deprecated -W ignore:easy_install command is deprecated setup.py egg_info --egg-base ../../build/laser_pos build --build-base /home/lephi7/Documents/ros2_projects/laser_test/build/laser_pos/build install --record /home/lephi7/Documents/ros2_projects/laser_test/build/laser_pos/install.log --single-version-externally-managed install_data
[5.216s] running egg_info
[5.220s] writing ../../build/laser_pos/laser_pos.egg-info/PKG-INFO
[5.223s] writing dependency_links to ../../build/laser_pos/laser_pos.egg-info/dependency_links.txt
[5.224s] writing entry points to ../../build/laser_pos/laser_pos.egg-info/entry_points.txt
[5.225s] writing requirements to ../../build/laser_pos/laser_pos.egg-info/requires.txt
[5.226s] writing top-level names to ../../build/laser_pos/laser_pos.egg-info/top_level.txt
[5.235s] reading manifest file '../../build/laser_pos/laser_pos.egg-info/SOURCES.txt'
[5.240s] writing manifest file '../../build/laser_pos/laser_pos.egg-info/SOURCES.txt'
[5.241s] running build
[5.241s] running build_py
[5.243s] running install
[5.245s] running install_lib
[5.250s] running install_data
[5.251s] copying config/turtle_params.yaml -> /home/lephi7/Documents/ros2_projects/laser_test/install/laser_pos/share/laser_pos/config
[5.252s] running install_egg_info
[5.268s] removing '/home/lephi7/Documents/ros2_projects/laser_test/install/laser_pos/lib/python3.10/site-packages/laser_pos-0.0.0-py3.10.egg-info' (and everything under it)
[5.273s] Copying ../../build/laser_pos/laser_pos.egg-info to /home/lephi7/Documents/ros2_projects/laser_test/install/laser_pos/lib/python3.10/site-packages/laser_pos-0.0.0-py3.10.egg-info
[5.276s] running install_scripts
[5.388s] Installing turtle_follower script to /home/lephi7/Documents/ros2_projects/laser_test/install/laser_pos/lib/laser_pos
[5.389s] Installing turtle_pos_listener script to /home/lephi7/Documents/ros2_projects/laser_test/install/laser_pos/lib/laser_pos
[5.391s] writing list of installed files to '/home/lephi7/Documents/ros2_projects/laser_test/build/laser_pos/install.log'
[5.533s] Invoked command in '/home/lephi7/Documents/ros2_projects/laser_test/src/laser_pos' returned '0': PYTHONPATH=/home/lephi7/Documents/ros2_projects/laser_test/build/laser_pos/prefix_override:/usr/lib/python3/dist-packages/colcon_core/task/python/colcon_distutils_commands:/home/lephi7/Documents/ros2_projects/laser_test/install/laser_pos/lib/python3.10/site-packages:${PYTHONPATH} /usr/bin/python3 -W ignore:setup.py install is deprecated -W ignore:easy_install command is deprecated setup.py egg_info --egg-base ../../build/laser_pos build --build-base /home/lephi7/Documents/ros2_projects/laser_test/build/laser_pos/build install --record /home/lephi7/Documents/ros2_projects/laser_test/build/laser_pos/install.log --single-version-externally-managed install_data
